C:\Rajesh\Angular\FinTCS\fintcs\fintcs\backend\Repositories\VoucherRepository.cs(2 1,29): error CS1061: 'Voucher' does not contain a definition for 'VoucherLines' an d no accessible extension method 'VoucherLines' accepting a first argument of type  'Voucher' could be found (are you missing a using directive or an assembly refere nce?) [C:\Rajesh\Angular\FinTCS\fintcs\fintcs\backend\Fintcs.csproj]
C:\Rajesh\Angular\FinTCS\fintcs\fintcs\backend\Repositories\DemandRepository.cs(21 ,29): error CS1061: 'MonthlyDemandHeader' does not contain a definition for 'Deman dRows' and no accessible extension method 'DemandRows' accepting a first argument
of type 'MonthlyDemandHeader' could be found (are you missing a using directive or  an assembly reference?) [C:\Rajesh\Angular\FinTCS\fintcs\fintcs\backend\Fintcs.cs proj]
C:\Rajesh\Angular\FinTCS\fintcs\fintcs\backend\Repositories\DemandRepository.cs(29 ,29): error CS1061: 'MonthlyDemandHeader' does not contain a definition for 'Deman dRows' and no accessible extension method 'DemandRows' accepting a first argument
of type 'MonthlyDemandHeader' could be found (are you missing a using directive or  an assembly reference?) [C:\Rajesh\Angular\FinTCS\fintcs\fintcs\backend\Fintcs.cs proj]
C:\Rajesh\Angular\FinTCS\fintcs\fintcs\backend\Repositories\VoucherRepository.cs(2 9,29): error CS1061: 'Voucher' does not contain a definition for 'VoucherLines' an d no accessible extension method 'VoucherLines' accepting a first argument of type  'Voucher' could be found (are you missing a using directive or an assembly refere nce?) [C:\Rajesh\Angular\FinTCS\fintcs\fintcs\backend\Fintcs.csproj]
C:\Rajesh\Angular\FinTCS\fintcs\fintcs\backend\Repositories\DemandRepository.cs(68 ,29): error CS1061: 'MonthlyDemandHeader' does not contain a definition for 'Deman dRows' and no accessible extension method 'DemandRows' accepting a first argument
of type 'MonthlyDemandHeader' could be found (are you missing a using directive or  an assembly reference?) [C:\Rajesh\Angular\FinTCS\fintcs\fintcs\backend\Fintcs.cs proj]
C:\Rajesh\Angular\FinTCS\fintcs\fintcs\backend\Repositories\LoanRepository.cs(21,2 9): error CS1061: 'Loan' does not contain a definition for 'Member' and no accessi ble extension method 'Member' accepting a first argument of type 'Loan' could be f ound (are you missing a using directive or an assembly reference?) [C:\Rajesh\Angu lar\FinTCS\fintcs\fintcs\backend\Fintcs.csproj]
C:\Rajesh\Angular\FinTCS\fintcs\fintcs\backend\Repositories\VoucherRepository.cs(6 8,29): error CS1061: 'Voucher' does not contain a definition for 'VoucherLines' an d no accessible extension method 'VoucherLines' accepting a first argument of type  'Voucher' could be found (are you missing a using directive or an assembly refere nce?) [C:\Rajesh\Angular\FinTCS\fintcs\fintcs\backend\Fintcs.csproj]
C:\Rajesh\Angular\FinTCS\fintcs\fintcs\backend\Repositories\LoanRepository.cs(29,2 9): error CS1061: 'Loan' does not contain a definition for 'Member' and no accessi ble extension method 'Member' accepting a first argument of type 'Loan' could be f ound (are you missing a using directive or an assembly reference?) [C:\Rajesh\Angu lar\FinTCS\fintcs\fintcs\backend\Fintcs.csproj]
C:\Rajesh\Angular\FinTCS\fintcs\fintcs\backend\Repositories\LoanRepository.cs(68,2 9): error CS1061: 'Loan' does not contain a definition for 'Member' and no accessi ble extension method 'Member' accepting a first argument of type 'Loan' could be f ound (are you missing a using directive or an assembly reference?) [C:\Rajesh\Angu lar\FinTCS\fintcs\fintcs\backend\Fintcs.csproj]
C:\Rajesh\Angular\FinTCS\fintcs\fintcs\backend\Repositories\LoanRepository.cs(75,2 7): error CS1061: 'Loan' does not contain a definition for 'MemberId' and no acces sible extension method 'MemberId' accepting a first argument of type 'Loan' could
be found (are you missing a using directive or an assembly reference?) [C:\Rajesh\ Angular\FinTCS\fintcs\fintcs\backend\Fintcs.csproj]
C:\Rajesh\Angular\FinTCS\fintcs\fintcs\backend\Repositories\MemberRepository.cs(69 ,41): error CS1061: 'Member' does not contain a definition for 'MemberCode' and no  accessible extension method 'MemberCode' accepting a first argument of type 'Memb er' could be found (are you missing a using directive or an assembly reference?) [ C:\Rajesh\Angular\FinTCS\fintcs\fintcs\backend\Fintcs.csproj]
C:\Rajesh\Angular\FinTCS\fintcs\fintcs\backend\Repositories\LookupRepository.cs(36 ,20): error CS1061: 'LookupItem' does not contain a definition for 'UpdatedAt' and  no accessible extension method 'UpdatedAt' accepting a first argument of type 'Lo okupItem' could be found (are you missing a using directive or an assembly referen ce?) [C:\Rajesh\Angular\FinTCS\fintcs\fintcs\backend\Fintcs.csproj]
C:\Rajesh\Angular\FinTCS\fintcs\fintcs\backend\Repositories\LookupRepository.cs(60 ,27): error CS1061: 'LookupItem' does not contain a definition for 'Type' and no a ccessible extension method 'Type' accepting a first argument of type 'LookupItem'
could be found (are you missing a using directive or an assembly reference?) [C:\R ajesh\Angular\FinTCS\fintcs\fintcs\backend\Fintcs.csproj]

The build failed. Fix the build errors and run again.